  Array.cpp
C:\Users\SERGIU\source\repos\Array\Permutare.h(28,20): warning C4018: '<': signed/unsigned mismatch
C:\Users\SERGIU\source\repos\Array\Permutare.h(39,20): warning C4018: '<': signed/unsigned mismatch
C:\Users\SERGIU\source\repos\Array\Permutare.h(56,20): warning C4018: '<': signed/unsigned mismatch
C:\Users\SERGIU\source\repos\Array\Array.h(53,27): warning C4018: '<': signed/unsigned mismatch
C:\Users\SERGIU\source\repos\Array\Array.h(47,37): message : while compiling class template member function 'Array<unsigned int>::Array(const Array<unsigned int> &)'
C:\Users\SERGIU\source\repos\Array\Permutare.h(33,51): message : see the first reference to 'Array<unsigned int>::Array' in 'Permutare::Permutare'
C:\Users\SERGIU\source\repos\Array\Permutare.h(8,22): message : see reference to class template instantiation 'Array<unsigned int>' being compiled
C:\Users\SERGIU\source\repos\Array\Array.h(67,27): warning C4018: '<': signed/unsigned mismatch
C:\Users\SERGIU\source\repos\Array\Array.h(61,51): message : while compiling class template member function 'Array<unsigned int> &Array<unsigned int>::operator =(const Array<unsigned int> &)'
C:\Users\SERGIU\source\repos\Array\Permutare.h(50,8): message : see the first reference to 'Array<unsigned int>::operator =' in 'Permutare::operator ='
C:\Users\SERGIU\source\repos\Array\Array.h(90,17): warning C4018: '>=': signed/unsigned mismatch
C:\Users\SERGIU\source\repos\Array\Array.h(89,38): message : while compiling class template member function 'T &Array<T>::operator [](int)'
          with
          [
              T=unsigned int
          ]
C:\Users\SERGIU\source\repos\Array\Permutare.h(22,20): message : see the first reference to 'Array<unsigned int>::operator []' in 'Permutare::getData'
C:\Users\SERGIU\source\repos\Array\Array.h(96): warning C4715: 'Array<unsigned int>::operator[]': not all control paths return a value
C:\Users\SERGIU\source\repos\Array\Array.h(72): warning C4715: 'Array<unsigned int>::operator=': not all control paths return a value
  Array.vcxproj -> C:\Users\SERGIU\source\repos\Array\x64\Debug\Array.exe
